Arguments: 
  C:\Program Files\nodejs\node.exe C:\Users\Moch. Aji Laksono\AppData\Roaming\npm\node_modules\yarn\bin\yarn.js add express

PATH: 
  C:\Program Files\Docker\Docker\Resources\bin;C:\Python27\;C:\Python27\Scripts;C:\oraclexe\app\oracle\product\11.2.0\server\bin;C:\ProgramData\Oracle\Java\javapath;C:\WINDOWS\system32;C:\WINDOWS;C:\WINDOWS\System32\Wbem;C:\WINDOWS\System32\WindowsPowerShell\v1.0\;C:\Program Files\nodejs\;C:\Program Files\Git\cmd;C:\Program Files\Git\mingw64\bin;C:\Program Files\Git\usr\bin;C:\ProgramData\ComposerSetup\bin;C:\Program Files\Process Lasso;C:\Program Files\PuTTY\;C:\ProgramData\chocolatey\bin;C:\Program Files (x86)\Windows Kits\8.1\Windows Performance Toolkit\;C:\Users\Moch. Aji Laksono\AppData\Local\Microsoft\WindowsApps;C:\Users\Moch. Aji Laksono\AppData\Roaming\npm;C:\Program Files\Java\jdk1.8.0_144\bin;C:\xampp\apache\bin;C:\xampp\php;C:\Users\Moch. Aji Laksono\AppData\Roaming\Composer\vendor\bin;D:\Android\Sdk\tools;D:\Android\Sdk\tools\bin;D:\Android\Sdk\build-tools\23.0.1;D:\Android\Sdk\platform-tools;C:\Program Files\Oracle\VirtualBox;C:\Program Files\Oracle\instantclient_11_2;C:\Users\Moch. Aji Laksono\AppData\Local\atom\bin;C:\Users\Moch. Aji Laksono\AppData\Local\.meteor\;C:\Program Files\Microsoft VS Code\bin;C:\Users\Moch. Aji Laksono\AppData\Local\hyper\app-1.4.8;

Yarn version: 
  1.2.1

Node version: 
  6.11.3

Platform: 
  win32 x64

npm manifest: 
  {
    "name": "oracle",
    "version": "1.0.0",
    "description": "create oracledb app",
    "main": "index.js",
    "author": "Aji",
    "license": "MIT",
    "dependencies": {
      "async": "^2.5.0",
      "oracledb": "^1.13.1"
    }
  }

yarn manifest: 
  No manifest

Lockfile: 
  # THIS IS AN AUTOGENERATED FILE. DO NOT EDIT THIS FILE DIRECTLY.
  # yarn lockfile v1
  
  
  async@^2.5.0:
    version "2.5.0"
    resolved "https://registry.yarnpkg.com/async/-/async-2.5.0.tgz#843190fd6b7357a0b9e1c956edddd5ec8462b54d"
    dependencies:
      lodash "^4.14.0"
  
  lodash@^4.14.0:
    version "4.17.4"
    resolved "https://registry.yarnpkg.com/lodash/-/lodash-4.17.4.tgz#78203a4d1c328ae1d86dca6460e369b57f4055ae"
  
  nan@~2.5.0:
    version "2.5.1"
    resolved "https://registry.yarnpkg.com/nan/-/nan-2.5.1.tgz#d5b01691253326a97a2bbee9e61c55d8d60351e2"
  
  oracledb@^1.13.1:
    version "1.13.1"
    resolved "https://registry.yarnpkg.com/oracledb/-/oracledb-1.13.1.tgz#923164b5c192ceda01590e35268bb7017e24ad89"
    dependencies:
      nan "~2.5.0"

Trace: 
  Error: getaddrinfo ENOTFOUND registry.yarnpkg.com registry.yarnpkg.com:443
      at errnoException (dns.js:28:10)
      at GetAddrInfoReqWrap.onlookup [as oncomplete] (dns.js:76:26)
